<?xml version="1.0" encoding="UTF-8"?>
<testng-results ignored="0" total="1" passed="1" failed="0" skipped="0">
  <reporter-output>
  </reporter-output>
  <suite started-at="2022-03-26T01:45:42 BDT" name="Default suite" finished-at="2022-03-26T01:46:00 BDT" duration-ms="17810">
    <groups>
    </groups>
    <test started-at="2022-03-26T01:45:42 BDT" name="Default test" finished-at="2022-03-26T01:46:00 BDT" duration-ms="17810">
      <class name="testCasePackage.TC001_LocatorLearning">
        <test-method is-config="true" signature="setup()[pri:0, instance:testCasePackage.TC001_LocatorLearning@273e7444]" started-at="2022-03-26T01:45:33 BDT" name="setup" finished-at="2022-03-26T01:45:42 BDT" duration-ms="9150" status="PASS">
          <reporter-output>
          </reporter-output>
        </test-method> <!-- setup -->
        <test-method signature="locatorLearning()[pri:0, instance:testCasePackage.TC001_LocatorLearning@273e7444]" started-at="2022-03-26T01:45:42 BDT" name="locatorLearning" finished-at="2022-03-26T01:46:00 BDT" duration-ms="17725" status="PASS">
          <reporter-output>
          </reporter-output>
        </test-method> <!-- locatorLearning -->
        <test-method is-config="true" signature="tearDown()[pri:0, instance:testCasePackage.TC001_LocatorLearning@273e7444]" started-at="2022-03-26T01:46:00 BDT" name="tearDown" finished-at="2022-03-26T01:46:01 BDT" duration-ms="560" status="PASS">
          <reporter-output>
          </reporter-output>
        </test-method> <!-- tearDown -->
      </class> <!-- testCasePackage.TC001_LocatorLearning -->
    </test> <!-- Default test -->
  </suite> <!-- Default suite -->
</testng-results>
